c:\users\jack\source\repos\zskv2-0\zskv2-0\debug\vc141.pdb
c:\users\jack\source\repos\zskv2-0\zskv2-0\debug\vc141.idb
c:\users\jack\source\repos\zskv2-0\zskv2-0\debug\main.obj
c:\users\jack\source\repos\zskv2-0\zskv2-0\debug\game.obj
c:\users\jack\source\repos\zskv2-0\zskv2-0\debug\bulletobject.obj
c:\users\jack\source\repos\zskv2-0\zskv2-0\debug\playerobject.obj
c:\users\jack\source\repos\zskv2-0\zskv2-0\debug\followershape.obj
c:\users\jack\source\repos\zskv2-0\zskv2-0\debug\tower.obj
c:\users\jack\source\repos\zskv2-0\zskv2-0\debug\player.obj
c:\users\jack\source\repos\zskv2-0\zskv2-0\debug\follower.obj
c:\users\jack\source\repos\zskv2-0\zskv2-0\debug\bullet.obj
c:\users\jack\source\repos\zskv2-0\debug\zskv2-0.exe
c:\users\jack\source\repos\zskv2-0\debug\zskv2-0.ilk
c:\users\jack\source\repos\zskv2-0\debug\zskv2-0.pdb
c:\users\jack\source\repos\zskv2-0\zskv2-0\debug\nmain.obj
c:\users\jack\source\repos\zskv2-0\zskv2-0\debug\main.obj.enc
c:\users\jack\source\repos\zskv2-0\zskv2-0\debug\zskv2-0.tlog\cl.command.1.tlog
c:\users\jack\source\repos\zskv2-0\zskv2-0\debug\zskv2-0.tlog\cl.read.1.tlog
c:\users\jack\source\repos\zskv2-0\zskv2-0\debug\zskv2-0.tlog\cl.write.1.tlog
c:\users\jack\source\repos\zskv2-0\zskv2-0\debug\zskv2-0.tlog\link.command.1.tlog
c:\users\jack\source\repos\zskv2-0\zskv2-0\debug\zskv2-0.tlog\link.read.1.tlog
c:\users\jack\source\repos\zskv2-0\zskv2-0\debug\zskv2-0.tlog\link.write.1.tlog
