Build started 7/2/2020 8:49:23 PM.
     1>Project "C:\Users\jack\source\repos\ZSKv2-0\ZSKv2-0\ZSKv2-0.vcxproj" on node 2 (Build target(s)).
     1>InitializeBuildStatus:
         Touching "x64\Debug\ZSKv2-0.tlog\unsuccessfulbuild".
       ClCompile:
         C:\Program Files (x86)\Microsoft Visual Studio\2017\Community\VC\Tools\MSVC\14.16.27023\bin\HostX86\x64\CL.exe /c /I"C:\Development\SFML-2.5.1\include" /ZI /JMC /nologo /W3 /WX- /diagnostics:classic /sdl /Od /D _MBCS /Gm- /EHsc /RTC1 /MDd /GS /fp:precise /permissive- /Zc:wchar_t /Zc:forScope /Zc:inline /Yc"stdafx.h" /Fp"x64\Debug\ZSKv2-0.pch" /Fo"x64\Debug\\" /Fd"x64\Debug\vc141.pdb" /Gd /TP /FC /errorReport:prompt stdafx.cpp
         stdafx.cpp
         C:\Program Files (x86)\Microsoft Visual Studio\2017\Community\VC\Tools\MSVC\14.16.27023\bin\HostX86\x64\CL.exe /c /I"C:\Development\SFML-2.5.1\include" /ZI /JMC /nologo /W3 /WX- /diagnostics:classic /sdl /Od /D _MBCS /Gm- /EHsc /RTC1 /MDd /GS /fp:precise /permissive- /Zc:wchar_t /Zc:forScope /Zc:inline /Yu"stdafx.h" /Fp"x64\Debug\ZSKv2-0.pch" /Fo"x64\Debug\\" /Fd"x64\Debug\vc141.pdb" /Gd /TP /FC /errorReport:prompt Bullet.cpp Exceptions.cpp Follower.cpp FollowerShape.cpp Game.cpp main.cpp Player.cpp startMenu.cpp State.cpp Tower.cpp
         Bullet.cpp
     1>c:\users\jack\source\repos\zskv2-0\zskv2-0\bullet.cpp(160): fatal error C1010: unexpected end of file while looking for precompiled header. Did you forget to add '#include "stdafx.h"' to your source?
         Exceptions.cpp
     1>c:\users\jack\source\repos\zskv2-0\zskv2-0\exceptions.cpp(42): fatal error C1010: unexpected end of file while looking for precompiled header. Did you forget to add '#include "stdafx.h"' to your source?
         Follower.cpp
     1>c:\users\jack\source\repos\zskv2-0\zskv2-0\follower.cpp(457): fatal error C1010: unexpected end of file while looking for precompiled header. Did you forget to add '#include "stdafx.h"' to your source?
         FollowerShape.cpp
     1>c:\users\jack\source\repos\zskv2-0\zskv2-0\followershape.cpp(127): fatal error C1010: unexpected end of file while looking for precompiled header. Did you forget to add '#include "stdafx.h"' to your source?
         Game.cpp
     1>c:\users\jack\source\repos\zskv2-0\zskv2-0\game.cpp(520): fatal error C1010: unexpected end of file while looking for precompiled header. Did you forget to add '#include "stdafx.h"' to your source?
         main.cpp
     1>c:\users\jack\source\repos\zskv2-0\zskv2-0\main.cpp(35): fatal error C1010: unexpected end of file while looking for precompiled header. Did you forget to add '#include "stdafx.h"' to your source?
         Player.cpp
     1>c:\users\jack\source\repos\zskv2-0\zskv2-0\player.cpp(923): fatal error C1010: unexpected end of file while looking for precompiled header. Did you forget to add '#include "stdafx.h"' to your source?
         startMenu.cpp
     1>c:\users\jack\source\repos\zskv2-0\zskv2-0\startmenu.cpp(340): fatal error C1010: unexpected end of file while looking for precompiled header. Did you forget to add '#include "stdafx.h"' to your source?
         State.cpp
     1>c:\users\jack\source\repos\zskv2-0\zskv2-0\state.cpp(13): fatal error C1010: unexpected end of file while looking for precompiled header. Did you forget to add '#include "stdafx.h"' to your source?
         Tower.cpp
     1>c:\users\jack\source\repos\zskv2-0\zskv2-0\tower.cpp(135): fatal error C1010: unexpected end of file while looking for precompiled header. Did you forget to add '#include "stdafx.h"' to your source?
         Generating Code...
     1>Done Building Project "C:\Users\jack\source\repos\ZSKv2-0\ZSKv2-0\ZSKv2-0.vcxproj" (Build target(s)) -- FAILED.

Build FAILED.

       "C:\Users\jack\source\repos\ZSKv2-0\ZSKv2-0\ZSKv2-0.vcxproj" (Build target) (1) ->
       (ClCompile target) -> 
         c:\users\jack\source\repos\zskv2-0\zskv2-0\bullet.cpp(160): fatal error C1010: unexpected end of file while looking for precompiled header. Did you forget to add '#include "stdafx.h"' to your source?
         c:\users\jack\source\repos\zskv2-0\zskv2-0\exceptions.cpp(42): fatal error C1010: unexpected end of file while looking for precompiled header. Did you forget to add '#include "stdafx.h"' to your source?
         c:\users\jack\source\repos\zskv2-0\zskv2-0\follower.cpp(457): fatal error C1010: unexpected end of file while looking for precompiled header. Did you forget to add '#include "stdafx.h"' to your source?
         c:\users\jack\source\repos\zskv2-0\zskv2-0\followershape.cpp(127): fatal error C1010: unexpected end of file while looking for precompiled header. Did you forget to add '#include "stdafx.h"' to your source?
         c:\users\jack\source\repos\zskv2-0\zskv2-0\game.cpp(520): fatal error C1010: unexpected end of file while looking for precompiled header. Did you forget to add '#include "stdafx.h"' to your source?
         c:\users\jack\source\repos\zskv2-0\zskv2-0\main.cpp(35): fatal error C1010: unexpected end of file while looking for precompiled header. Did you forget to add '#include "stdafx.h"' to your source?
         c:\users\jack\source\repos\zskv2-0\zskv2-0\player.cpp(923): fatal error C1010: unexpected end of file while looking for precompiled header. Did you forget to add '#include "stdafx.h"' to your source?
         c:\users\jack\source\repos\zskv2-0\zskv2-0\startmenu.cpp(340): fatal error C1010: unexpected end of file while looking for precompiled header. Did you forget to add '#include "stdafx.h"' to your source?
         c:\users\jack\source\repos\zskv2-0\zskv2-0\state.cpp(13): fatal error C1010: unexpected end of file while looking for precompiled header. Did you forget to add '#include "stdafx.h"' to your source?
         c:\users\jack\source\repos\zskv2-0\zskv2-0\tower.cpp(135): fatal error C1010: unexpected end of file while looking for precompiled header. Did you forget to add '#include "stdafx.h"' to your source?

    0 Warning(s)
    10 Error(s)

Time Elapsed 00:00:01.95
